\BOOKMARK [1][-]{section.1}{\376\377\000I\000n\000t\000r\000o\000d\000u\000c\000t\000i\000o\000n}{}% 1
\BOOKMARK [2][-]{subsection.1.1}{\376\377\000W\000i\000n\000d\000\040\000S\000p\000e\000e\000d\000\040\000a\000n\000d\000\040\000P\000o\000w\000e\000r\000\040\000G\000e\000n\000e\000r\000a\000t\000i\000o\000n}{section.1}% 2
\BOOKMARK [1][-]{section.2}{\376\377\000F\000o\000r\000e\000c\000a\000s\000t\000i\000n\000g\000\040\000H\000o\000r\000i\000z\000o\000n\000s\000\040\000i\000n\000\040\000O\000f\000f\000s\000h\000o\000r\000e\000\040\000W\000i\000n\000d\000\040\000P\000r\000e\000d\000i\000c\000t\000i\000o\000n}{}% 3
\BOOKMARK [1][-]{section.3}{\376\377\000O\000f\000f\000s\000h\000o\000r\000e\000\040\000W\000i\000n\000d\000\040\000F\000o\000r\000e\000c\000a\000s\000t\000i\000n\000g\000\040\000M\000e\000t\000h\000o\000d\000o\000l\000o\000g\000i\000e\000s}{}% 4
\BOOKMARK [2][-]{subsection.3.1}{\376\377\000P\000h\000y\000s\000i\000c\000a\000l\000\040\000F\000o\000r\000e\000c\000a\000s\000t\000i\000n\000g\000\040\000M\000o\000d\000e\000l\000s}{section.3}% 5
\BOOKMARK [2][-]{subsection.3.2}{\376\377\000S\000t\000a\000t\000i\000s\000t\000i\000c\000a\000l\000\040\000T\000i\000m\000e\000-\000S\000e\000r\000i\000e\000s\000\040\000M\000o\000d\000e\000l\000s}{section.3}% 6
\BOOKMARK [2][-]{subsection.3.3}{\376\377\000A\000r\000t\000i\000f\000i\000c\000i\000a\000l\000\040\000I\000n\000t\000e\000l\000l\000i\000g\000e\000n\000c\000e\000\040\000a\000n\000d\000\040\000M\000a\000c\000h\000i\000n\000e\000\040\000L\000e\000a\000r\000n\000i\000n\000g\000\040\000M\000o\000d\000e\000l\000s}{section.3}% 7
\BOOKMARK [2][-]{subsection.3.4}{\376\377\000H\000y\000b\000r\000i\000d\000\040\000F\000o\000r\000e\000c\000a\000s\000t\000i\000n\000g\000\040\000M\000o\000d\000e\000l\000s}{section.3}% 8
\BOOKMARK [1][-]{section.4}{\376\377\000I\000n\000t\000e\000r\000n\000a\000t\000i\000o\000n\000a\000l\000\040\000P\000e\000r\000s\000p\000e\000c\000t\000i\000v\000e\000\040\000o\000n\000\040\000O\000f\000f\000s\000h\000o\000r\000e\000\040\000W\000i\000n\000d\000\040\000F\000o\000r\000e\000c\000a\000s\000t\000i\000n\000g}{}% 9
\BOOKMARK [1][-]{section.5}{\376\377\000I\000n\000d\000i\000a\000n\000\040\000P\000e\000r\000s\000p\000e\000c\000t\000i\000v\000e\000\040\000o\000n\000\040\000O\000f\000f\000s\000h\000o\000r\000e\000\040\000W\000i\000n\000d\000\040\000F\000o\000r\000e\000c\000a\000s\000t\000i\000n\000g}{}% 10
\BOOKMARK [1][-]{section.6}{\376\377\000C\000o\000m\000p\000a\000r\000a\000t\000i\000v\000e\000\040\000A\000s\000s\000e\000s\000s\000m\000e\000n\000t\000\040\000o\000f\000\040\000F\000o\000r\000e\000c\000a\000s\000t\000i\000n\000g\000\040\000M\000e\000t\000h\000o\000d\000s}{}% 11
\BOOKMARK [1][-]{section.7}{\376\377\000F\000o\000r\000e\000c\000a\000s\000t\000i\000n\000g\000\040\000M\000o\000d\000e\000l\000\040\000I\000m\000p\000l\000e\000m\000e\000n\000t\000a\000t\000i\000o\000n}{}% 12
\BOOKMARK [2][-]{subsection.7.1}{\376\377\000D\000a\000t\000a\000s\000e\000t\000\040\000D\000e\000s\000c\000r\000i\000p\000t\000i\000o\000n}{section.7}% 13
\BOOKMARK [2][-]{subsection.7.2}{\376\377\000P\000e\000r\000f\000o\000r\000m\000a\000n\000c\000e\000\040\000E\000v\000a\000l\000u\000a\000t\000i\000o\000n\000\040\000M\000e\000t\000r\000i\000c\000s}{section.7}% 14
\BOOKMARK [2][-]{subsection.7.3}{\376\377\000P\000e\000r\000s\000i\000s\000t\000e\000n\000c\000e\000\040\000M\000o\000d\000e\000l\000\040\000\050\000B\000a\000s\000e\000l\000i\000n\000e\000\051}{section.7}% 15
\BOOKMARK [2][-]{subsection.7.4}{\376\377\000A\000R\000I\000M\000A\000\040\000M\000o\000d\000e\000l}{section.7}% 16
\BOOKMARK [3][-]{subsubsection.7.4.1}{\376\377\000A\000u\000t\000o\000m\000a\000t\000i\000c\000\040\000P\000a\000r\000a\000m\000e\000t\000e\000r\000\040\000S\000e\000l\000e\000c\000t\000i\000o\000n}{subsection.7.4}% 17
\BOOKMARK [2][-]{subsection.7.5}{\376\377\000W\000e\000e\000k\000l\000y\000\040\000P\000a\000t\000t\000e\000r\000n\000\040\000A\000n\000a\000l\000y\000s\000i\000s}{section.7}% 18
\BOOKMARK [1][-]{section.8}{\376\377\000V\000a\000l\000i\000d\000a\000t\000i\000o\000n\000\040\000R\000e\000s\000u\000l\000t\000s\000\040\000a\000n\000d\000\040\000D\000i\000s\000c\000u\000s\000s\000i\000o\000n}{}% 19
\BOOKMARK [2][-]{subsection.8.1}{\376\377\000P\000e\000r\000s\000i\000s\000t\000e\000n\000c\000e\000\040\000M\000o\000d\000e\000l\000\040\000P\000e\000r\000f\000o\000r\000m\000a\000n\000c\000e}{section.8}% 20
\BOOKMARK [3][-]{subsubsection.8.1.1}{\376\377\000S\000e\000a\000s\000o\000n\000a\000l\000\040\000P\000e\000r\000s\000i\000s\000t\000e\000n\000c\000e\000\040\000P\000e\000r\000f\000o\000r\000m\000a\000n\000c\000e}{subsection.8.1}% 21
\BOOKMARK [2][-]{subsection.8.2}{\376\377\000A\000R\000I\000M\000A\000\040\000M\000o\000d\000e\000l\000\040\000P\000e\000r\000f\000o\000r\000m\000a\000n\000c\000e}{section.8}% 22
\BOOKMARK [3][-]{subsubsection.8.2.1}{\376\377\000S\000e\000a\000s\000o\000n\000a\000l\000\040\000A\000R\000I\000M\000A\000\040\000P\000e\000r\000f\000o\000r\000m\000a\000n\000c\000e}{subsection.8.2}% 23
\BOOKMARK [2][-]{subsection.8.3}{\376\377\000M\000o\000d\000e\000l\000\040\000C\000o\000m\000p\000a\000r\000i\000s\000o\000n}{section.8}% 24
\BOOKMARK [2][-]{subsection.8.4}{\376\377\000E\000r\000r\000o\000r\000\040\000A\000n\000a\000l\000y\000s\000i\000s}{section.8}% 25
\BOOKMARK [2][-]{subsection.8.5}{\376\377\000W\000e\000e\000k\000l\000y\000\040\000P\000a\000t\000t\000e\000r\000n\000\040\000A\000n\000a\000l\000y\000s\000i\000s}{section.8}% 26
\BOOKMARK [1][-]{section.9}{\376\377\000C\000o\000n\000c\000l\000u\000s\000i\000o\000n}{}% 27
